<?xml version="1.0" encoding="UTF-8"?>
<testng-results ignored="0" total="1" passed="1" failed="0" skipped="0">
  <reporter-output>
  </reporter-output>
  <suite started-at="2021-10-18T20:32:20 BST" name="Default Suite" finished-at="2021-10-18T20:32:36 BST" duration-ms="16508">
    <groups>
      <group name="cucumber">
        <method signature="AbstractTestNGCucumberTests.runScenario(io.cucumber.testng.PickleWrapper,io.cucumber.testng.FeatureWrapper)[pri:0, instance:runner.SampleRunner@78b729e6]" name="runScenario" class="io.cucumber.testng.AbstractTestNGCucumberTests"/>
      </group> <!-- cucumber -->
    </groups>
    <test started-at="2021-10-18T20:32:20 BST" name="SampleProjectForAssignment" finished-at="2021-10-18T20:32:36 BST" duration-ms="16508">
      <class name="runner.SampleRunner">
        <test-method is-config="true" signature="setUpClass(org.testng.ITestContext)[pri:0, instance:runner.SampleRunner@78b729e6]" started-at="2021-10-18T20:32:20 BST" name="setUpClass" finished-at="2021-10-18T20:32:21 BST" duration-ms="567" status="PASS">
          <params>
            <param index="0">
              <value>
                <![CDATA[org.testng.TestRunner@3a17b2e3]]>
              </value>
            </param>
          </params>
          <reporter-output>
          </reporter-output>
        </test-method> <!-- setUpClass -->
        <test-method signature="runScenario(io.cucumber.testng.PickleWrapper,io.cucumber.testng.FeatureWrapper)[pri:0, instance:runner.SampleRunner@78b729e6]" started-at="2021-10-18T20:32:21 BST" name="runScenario" description="Runs Cucumber Scenarios" data-provider="scenarios" finished-at="2021-10-18T20:32:36 BST" duration-ms="15812" status="PASS">
          <params>
            <param index="0">
              <value>
                <![CDATA["Add four product into the wishlist and add lowest price product into the cart"]]>
              </value>
            </param>
            <param index="1">
              <value>
                <![CDATA["Optional[Add Products into wishlist and Cart]"]]>
              </value>
            </param>
          </params>
          <reporter-output>
          </reporter-output>
        </test-method> <!-- runScenario -->
        <test-method is-config="true" signature="tearDownClass()[pri:0, instance:runner.SampleRunner@78b729e6]" started-at="2021-10-18T20:32:36 BST" name="tearDownClass" finished-at="2021-10-18T20:32:36 BST" duration-ms="95" status="PASS">
          <reporter-output>
          </reporter-output>
        </test-method> <!-- tearDownClass -->
      </class> <!-- runner.SampleRunner -->
    </test> <!-- SampleProjectForAssignment -->
  </suite> <!-- Default Suite -->
</testng-results>
